<?xml version="1.0" encoding="UTF-8"?>
<testsuite failures="1" assertions="45" name="RegressionTesting" tests="8" time="526.440175" errors="1" skipped="0">
  <testcase assertions="3" name="test_facebooklogin" time="26.749202">
  </testcase>
  <testcase assertions="6" name="test_footerlinks" time="21.284136">
  </testcase>
  <testcase assertions="6" name="test_jobapplications" time="303.444016">
    <failure type="Selenium::WebDriver::Error::NoSuchElementError" message="Unable to locate element: {&quot;method&quot;:&quot;xpath&quot;,&quot;selector&quot;:&quot;//div[@id='application_review']/dl/dt[1]/a&quot;}...">
Unable to locate element: {"method":"xpath","selector":"//div[@id='application_review']/dl/dt[1]/a"}
Command duration or timeout: 30.11 seconds
For documentation on this error, please visit: http://seleniumhq.org/exceptions/no_such_element.html
Build info: version: '2.15.0', revision: '15105', time: '2011-12-08 09:56:25'
System info: os.name: 'Windows Server 2008 R2', os.arch: 'amd64', os.version: '6.1', java.version: '1.6.0_26'
Driver info: driver.version: EventFiringWebDriver (org.openqa.selenium.NoSuchElementException) (Selenium::WebDriver::Error::NoSuchElementError)
[remote server] sun.reflect.NativeConstructorAccessorImpl():-2:in `newInstance0'
[remote server] sun.reflect.NativeConstructorAccessorImpl():-1:in `newInstance'
[remote server] sun.reflect.DelegatingConstructorAccessorImpl():-1:in `newInstance'
[remote server] java.lang.reflect.Constructor():-1:in `newInstance'
[remote server] org.openqa.selenium.remote.ErrorHandler(ErrorHandler.java):147:in `createThrowable'
[remote server] org.openqa.selenium.remote.ErrorHandler(ErrorHandler.java):113:in `throwIfResponseFailed'
[remote server] org.openqa.selenium.remote.RemoteWebDriver(RemoteWebDriver.java):424:in `execute'
[remote server] org.openqa.selenium.remote.RemoteWebDriver(RemoteWebDriver.java):210:in `findElement'
[remote server] org.openqa.selenium.remote.RemoteWebDriver(RemoteWebDriver.java):283:in `findElementByXPath'
[remote server] org.openqa.selenium.By$ByXPath(By.java):344:in `findElement'
[remote server] org.openqa.selenium.remote.RemoteWebDriver(RemoteWebDriver.java):202:in `findElement'
[remote server] sun.reflect.GeneratedMethodAccessor22():-1:in `invoke'
[remote server] sun.reflect.DelegatingMethodAccessorImpl():-1:in `invoke'
[remote server] java.lang.reflect.Method():-1:in `invoke'
[remote server] org.openqa.selenium.support.events.EventFiringWebDriver$2(EventFiringWebDriver.java):99:in `invoke'
[remote server] $Proxy1():-1:in `findElement'
[remote server] org.openqa.selenium.support.events.EventFiringWebDriver(EventFiringWebDriver.java):178:in `findElement'
[remote server] org.openqa.selenium.remote.server.handler.FindElement(FindElement.java):48:in `call'
[remote server] org.openqa.selenium.remote.server.handler.FindElement(FindElement.java):1:in `call'
[remote server] java.util.concurrent.FutureTask$Sync():-1:in `innerRun'
[remote server] java.util.concurrent.FutureTask():-1:in `run'
[remote server] java.util.concurrent.ThreadPoolExecutor$Worker():-1:in `runTask'
[remote server] java.util.concurrent.ThreadPoolExecutor$Worker():-1:in `run'
[remote server] java.lang.Thread():-1:in `run'
/opt/local/lib/ruby/gems/1.8/gems/selenium-webdriver-2.15.0/lib/selenium/webdriver/remote/response.rb:50:in `assert_ok'
/opt/local/lib/ruby/gems/1.8/gems/selenium-webdriver-2.15.0/lib/selenium/webdriver/remote/response.rb:15:in `initialize'
/opt/local/lib/ruby/gems/1.8/gems/selenium-webdriver-2.15.0/lib/selenium/webdriver/remote/http/common.rb:58:in `new'
/opt/local/lib/ruby/gems/1.8/gems/selenium-webdriver-2.15.0/lib/selenium/webdriver/remote/http/common.rb:58:in `create_response'
/opt/local/lib/ruby/gems/1.8/gems/selenium-webdriver-2.15.0/lib/selenium/webdriver/remote/http/default.rb:64:in `request'
/opt/local/lib/ruby/gems/1.8/gems/selenium-webdriver-2.15.0/lib/selenium/webdriver/remote/http/common.rb:39:in `call'
/opt/local/lib/ruby/gems/1.8/gems/selenium-webdriver-2.15.0/lib/selenium/webdriver/remote/bridge.rb:450:in `raw_execute'
/opt/local/lib/ruby/gems/1.8/gems/selenium-webdriver-2.15.0/lib/selenium/webdriver/remote/bridge.rb:428:in `execute'
/opt/local/lib/ruby/gems/1.8/gems/selenium-webdriver-2.15.0/lib/selenium/webdriver/remote/bridge.rb:396:in `find_element_by'
/opt/local/lib/ruby/gems/1.8/gems/selenium-webdriver-2.15.0/lib/selenium/webdriver/common/search_context.rb:42:in `find_element'
regression.rb:454:in `test_jobapplications'
regression.rb:476:in `verify'
regression.rb:454:in `test_jobapplications'
regression.rb:416:in `each'
regression.rb:416:in `test_jobapplications'
/opt/local/lib/ruby/gems/1.8/gems/test-unit-2.0.9/lib/test/unit/testcase.rb:452:in `__send__'
/opt/local/lib/ruby/gems/1.8/gems/test-unit-2.0.9/lib/test/unit/testcase.rb:452:in `run_test'
/opt/local/lib/ruby/gems/1.8/gems/test-unit-2.0.9/lib/test/unit/testcase.rb:320:in `run'
/opt/local/lib/ruby/gems/1.8/gems/test-unit-2.0.9/lib/test/unit/testsuite.rb:38:in `run'
/opt/local/lib/ruby/gems/1.8/gems/test-unit-2.0.9/lib/test/unit/testsuite.rb:37:in `each'
/opt/local/lib/ruby/gems/1.8/gems/test-unit-2.0.9/lib/test/unit/testsuite.rb:37:in `run'
/opt/local/lib/ruby/gems/1.8/gems/test-unit-2.0.9/lib/test/unit/testsuite.rb:38:in `run'
/opt/local/lib/ruby/gems/1.8/gems/test-unit-2.0.9/lib/test/unit/testsuite.rb:37:in `each'
/opt/local/lib/ruby/gems/1.8/gems/test-unit-2.0.9/lib/test/unit/testsuite.rb:37:in `run'
/opt/local/lib/ruby/gems/1.8/gems/test-unit-2.0.9/lib/test/unit/ui/testrunnermediator.rb:48:in `run_suite'
/opt/local/lib/ruby/gems/1.8/gems/test-unit-2.0.9/lib/test/unit/ui/console/testrunner.rb:82:in `start_mediator'
/opt/local/lib/ruby/gems/1.8/gems/test-unit-2.0.9/lib/test/unit/ui/console/testrunner.rb:52:in `start'
/opt/local/lib/ruby/gems/1.8/gems/test-unit-2.0.9/lib/test/unit/ui/testrunnerutilities.rb:24:in `run'
/opt/local/lib/ruby/gems/1.8/gems/test-unit-2.0.9/lib/test/unit/autorunner.rb:304:in `run'
/opt/local/lib/ruby/gems/1.8/gems/test-unit-2.0.9/lib/test/unit/autorunner.rb:52:in `run'
/opt/local/lib/ruby/gems/1.8/gems/test-unit-2.0.9/lib/test/unit.rb:321    </failure>
    <failure type="Test::Unit::AssertionFailedError" message="&lt;[]&gt; expected but was...">
&lt;[]&gt; expected but was
&lt;[#&lt;Test::Unit::AssertionFailedError: Connections page loads.
&lt;false&gt; is not true.&gt;]&gt;.

diff:
- []
+ [#&lt;Test::Unit::AssertionFailedError: Connections page loads.
+ &lt;false&gt; is not true.&gt;] (Test::Unit::AssertionFailedError)
regression.rb:60:in `teardown'    </failure>
  </testcase>
  <testcase assertions="2" name="test_linkedinlogin" time="21.007683">
  </testcase>
  <testcase assertions="2" name="test_pagination" time="18.800255">
  </testcase>
  <testcase assertions="13" name="test_profileandapplications" time="52.789456">
  </testcase>
  <testcase assertions="11" name="test_recruiting" time="47.626302">
  </testcase>
  <testcase assertions="2" name="test_twitter" time="34.732427">
  </testcase>
  <system-out>
  </system-out>
  <system-err>
  </system-err>
</testsuite>
