<?xml version="1.0" encoding="UTF-8"?>
<testsuite assertions="0" tests="2" failures="0" skipped="0" name="RegressionTesting" time="32.730602" errors="2">
  <testcase assertions="0" name="test_1test1" time="2.000662">
  </testcase>
  <testcase assertions="0" name="test_profile" time="29.020044">
    <failure type="Selenium::WebDriver::Error::UnknownError" message="Connection refused: connect (java.net.ConnectException)">
Connection refused: connect (java.net.ConnectException) (Selenium::WebDriver::Error::UnknownError)
[remote server] java.net.PlainSocketImpl():-2:in `socketConnect'
[remote server] java.net.PlainSocketImpl():-1:in `doConnect'
[remote server] java.net.PlainSocketImpl():-1:in `connectToAddress'
[remote server] java.net.PlainSocketImpl():-1:in `connect'
[remote server] java.net.SocksSocketImpl():-1:in `connect'
[remote server] java.net.Socket():-1:in `connect'
[remote server] org.apache.http.conn.scheme.PlainSocketFactory(PlainSocketFactory.java):123:in `connectSocket'
[remote server] org.apache.http.impl.conn.DefaultClientConnectionOperator(DefaultClientConnectionOperator.java):148:in `openConnection'
[remote server] org.apache.http.impl.conn.AbstractPoolEntry(AbstractPoolEntry.java):149:in `open'
[remote server] org.apache.http.impl.conn.AbstractPooledConnAdapter(AbstractPooledConnAdapter.java):121:in `open'
[remote server] org.apache.http.impl.client.DefaultRequestDirector(DefaultRequestDirector.java):573:in `tryConnect'
[remote server] org.apache.http.impl.client.DefaultRequestDirector(DefaultRequestDirector.java):425:in `execute'
[remote server] org.apache.http.impl.client.AbstractHttpClient(AbstractHttpClient.java):820:in `execute'
[remote server] org.openqa.selenium.remote.HttpCommandExecutor(HttpCommandExecutor.java):416:in `fallBackExecute'
[remote server] org.openqa.selenium.remote.HttpCommandExecutor(HttpCommandExecutor.java):377:in `execute'
[remote server] org.openqa.selenium.firefox.internal.NewProfileExtensionConnection(NewProfileExtensionConnection.java):122:in `execute'
[remote server] org.openqa.selenium.firefox.FirefoxDriver$LazyCommandExecutor(FirefoxDriver.java):237:in `execute'
[remote server] org.openqa.selenium.remote.RemoteWebDriver(RemoteWebDriver.java):401:in `execute'
[remote server] org.openqa.selenium.remote.RemoteWebDriver(RemoteWebDriver.java):210:in `findElement'
[remote server] org.openqa.selenium.remote.RemoteWebDriver(RemoteWebDriver.java):227:in `findElementById'
[remote server] org.openqa.selenium.By$ById(By.java):216:in `findElement'
[remote server] org.openqa.selenium.remote.RemoteWebDriver(RemoteWebDriver.java):202:in `findElement'
[remote server] sun.reflect.NativeMethodAccessorImpl():-2:in `invoke0'
[remote server] sun.reflect.NativeMethodAccessorImpl():-1:in `invoke'
[remote server] sun.reflect.DelegatingMethodAccessorImpl():-1:in `invoke'
[remote server] java.lang.reflect.Method():-1:in `invoke'
[remote server] org.openqa.selenium.support.events.EventFiringWebDriver$2(EventFiringWebDriver.java):99:in `invoke'
[remote server] $Proxy1():-1:in `findElement'
[remote server] org.openqa.selenium.support.events.EventFiringWebDriver(EventFiringWebDriver.java):178:in `findElement'
[remote server] org.openqa.selenium.remote.server.handler.FindElement(FindElement.java):48:in `call'
[remote server] org.openqa.selenium.remote.server.handler.FindElement(FindElement.java):1:in `call'
[remote server] java.util.concurrent.FutureTask$Sync():-1:in `innerRun'
[remote server] java.util.concurrent.FutureTask():-1:in `run'
[remote server] java.util.concurrent.ThreadPoolExecutor$Worker():-1:in `runTask'
[remote server] java.util.concurrent.ThreadPoolExecutor$Worker():-1:in `run'
[remote server] java.lang.Thread():-1:in `run'
/opt/local/lib/ruby/gems/1.8/gems/selenium-webdriver-2.15.0/lib/selenium/webdriver/remote/response.rb:50:in `assert_ok'
/opt/local/lib/ruby/gems/1.8/gems/selenium-webdriver-2.15.0/lib/selenium/webdriver/remote/response.rb:15:in `initialize'
/opt/local/lib/ruby/gems/1.8/gems/selenium-webdriver-2.15.0/lib/selenium/webdriver/remote/http/common.rb:58:in `new'
/opt/local/lib/ruby/gems/1.8/gems/selenium-webdriver-2.15.0/lib/selenium/webdriver/remote/http/common.rb:58:in `create_response'
/opt/local/lib/ruby/gems/1.8/gems/selenium-webdriver-2.15.0/lib/selenium/webdriver/remote/http/default.rb:64:in `request'
/opt/local/lib/ruby/gems/1.8/gems/selenium-webdriver-2.15.0/lib/selenium/webdriver/remote/http/common.rb:39:in `call'
/opt/local/lib/ruby/gems/1.8/gems/selenium-webdriver-2.15.0/lib/selenium/webdriver/remote/bridge.rb:450:in `raw_execute'
/opt/local/lib/ruby/gems/1.8/gems/selenium-webdriver-2.15.0/lib/selenium/webdriver/remote/bridge.rb:428:in `execute'
/opt/local/lib/ruby/gems/1.8/gems/selenium-webdriver-2.15.0/lib/selenium/webdriver/remote/bridge.rb:396:in `find_element_by'
/opt/local/lib/ruby/gems/1.8/gems/selenium-webdriver-2.15.0/lib/selenium/webdriver/common/search_context.rb:42:in `find_element'
regression.rb:40:in `test_profile'
/opt/local/lib/ruby/gems/1.8/gems/selenium-webdriver-2.15.0/lib/selenium/webdriver/common/wait.rb:36:in `until'
regression.rb:40:in `test_profile'
/opt/local/lib/ruby/gems/1.8/gems/test-unit-2.0.9/lib/test/unit/testcase.rb:452:in `__send__'
/opt/local/lib/ruby/gems/1.8/gems/test-unit-2.0.9/lib/test/unit/testcase.rb:452:in `run_test'
/opt/local/lib/ruby/gems/1.8/gems/test-unit-2.0.9/lib/test/unit/testcase.rb:320:in `run'
/opt/local/lib/ruby/gems/1.8/gems/test-unit-2.0.9/lib/test/unit/testsuite.rb:38:in `run'
/opt/local/lib/ruby/gems/1.8/gems/test-unit-2.0.9/lib/test/unit/testsuite.rb:37:in `each'
/opt/local/lib/ruby/gems/1.8/gems/test-unit-2.0.9/lib/test/unit/testsuite.rb:37:in `run'
/opt/local/lib/ruby/gems/1.8/gems/test-unit-2.0.9/lib/test/unit/testsuite.rb:38:in `run'
/opt/local/lib/ruby/gems/1.8/gems/test-unit-2.0.9/lib/test/unit/testsuite.rb:37:in `each'
/opt/local/lib/ruby/gems/1.8/gems/test-unit-2.0.9/lib/test/unit/testsuite.rb:37:in `run'
/opt/local/lib/ruby/gems/1.8/gems/test-unit-2.0.9/lib/test/unit/ui/testrunnermediator.rb:48:in `run_suite'
/opt/local/lib/ruby/gems/1.8/gems/test-unit-2.0.9/lib/test/unit/ui/console/testrunner.rb:82:in `start_mediator'
/opt/local/lib/ruby/gems/1.8/gems/test-unit-2.0.9/lib/test/unit/ui/console/testrunner.rb:52:in `start'
/opt/local/lib/ruby/gems/1.8/gems/test-unit-2.0.9/lib/test/unit/ui/testrunnerutilities.rb:24:in `run'
/opt/local/lib/ruby/gems/1.8/gems/test-unit-2.0.9/lib/test/unit/autorunner.rb:304:in `run'
/opt/local/lib/ruby/gems/1.8/gems/test-unit-2.0.9/lib/test/unit/autorunner.rb:52:in `run'
/opt/local/lib/ruby/gems/1.8/gems/test-unit-2.0.9/lib/test/unit.rb:321
regression.rb:74    </failure>
    <failure type="Selenium::WebDriver::Error::UnknownError" message="Connection refused: connect (java.net.ConnectException)">
Connection refused: connect (java.net.ConnectException) (Selenium::WebDriver::Error::UnknownError)
[remote server] java.net.PlainSocketImpl():-2:in `socketConnect'
[remote server] java.net.PlainSocketImpl():-1:in `doConnect'
[remote server] java.net.PlainSocketImpl():-1:in `connectToAddress'
[remote server] java.net.PlainSocketImpl():-1:in `connect'
[remote server] java.net.SocksSocketImpl():-1:in `connect'
[remote server] java.net.Socket():-1:in `connect'
[remote server] org.apache.http.conn.scheme.PlainSocketFactory(PlainSocketFactory.java):123:in `connectSocket'
[remote server] org.apache.http.impl.conn.DefaultClientConnectionOperator(DefaultClientConnectionOperator.java):148:in `openConnection'
[remote server] org.apache.http.impl.conn.AbstractPoolEntry(AbstractPoolEntry.java):149:in `open'
[remote server] org.apache.http.impl.conn.AbstractPooledConnAdapter(AbstractPooledConnAdapter.java):121:in `open'
[remote server] org.apache.http.impl.client.DefaultRequestDirector(DefaultRequestDirector.java):573:in `tryConnect'
[remote server] org.apache.http.impl.client.DefaultRequestDirector(DefaultRequestDirector.java):425:in `execute'
[remote server] org.apache.http.impl.client.AbstractHttpClient(AbstractHttpClient.java):820:in `execute'
[remote server] org.openqa.selenium.remote.HttpCommandExecutor(HttpCommandExecutor.java):398:in `fallBackExecute'
[remote server] org.openqa.selenium.remote.HttpCommandExecutor(HttpCommandExecutor.java):377:in `execute'
[remote server] org.openqa.selenium.firefox.internal.NewProfileExtensionConnection(NewProfileExtensionConnection.java):122:in `execute'
[remote server] org.openqa.selenium.firefox.FirefoxDriver$LazyCommandExecutor(FirefoxDriver.java):237:in `execute'
[remote server] org.openqa.selenium.remote.RemoteWebDriver(RemoteWebDriver.java):401:in `execute'
[remote server] org.openqa.selenium.remote.RemoteWebDriver(RemoteWebDriver.java):428:in `execute'
[remote server] org.openqa.selenium.remote.RemoteWebDriver(RemoteWebDriver.java):302:in `quit'
[remote server] sun.reflect.NativeMethodAccessorImpl():-2:in `invoke0'
[remote server] sun.reflect.NativeMethodAccessorImpl():-1:in `invoke'
[remote server] sun.reflect.DelegatingMethodAccessorImpl():-1:in `invoke'
[remote server] java.lang.reflect.Method():-1:in `invoke'
[remote server] org.openqa.selenium.support.events.EventFiringWebDriver$2(EventFiringWebDriver.java):99:in `invoke'
[remote server] $Proxy1():-1:in `quit'
[remote server] org.openqa.selenium.support.events.EventFiringWebDriver(EventFiringWebDriver.java):192:in `quit'
[remote server] org.openqa.selenium.remote.server.handler.DeleteSession(DeleteSession.java):37:in `call'
[remote server] org.openqa.selenium.remote.server.handler.DeleteSession(DeleteSession.java):1:in `call'
[remote server] java.util.concurrent.FutureTask$Sync():-1:in `innerRun'
[remote server] java.util.concurrent.FutureTask():-1:in `run'
[remote server] java.util.concurrent.ThreadPoolExecutor$Worker():-1:in `runTask'
[remote server] java.util.concurrent.ThreadPoolExecutor$Worker():-1:in `run'
[remote server] java.lang.Thread():-1:in `run'
/opt/local/lib/ruby/gems/1.8/gems/selenium-webdriver-2.15.0/lib/selenium/webdriver/remote/response.rb:50:in `assert_ok'
/opt/local/lib/ruby/gems/1.8/gems/selenium-webdriver-2.15.0/lib/selenium/webdriver/remote/response.rb:15:in `initialize'
/opt/local/lib/ruby/gems/1.8/gems/selenium-webdriver-2.15.0/lib/selenium/webdriver/remote/http/common.rb:58:in `new'
/opt/local/lib/ruby/gems/1.8/gems/selenium-webdriver-2.15.0/lib/selenium/webdriver/remote/http/common.rb:58:in `create_response'
/opt/local/lib/ruby/gems/1.8/gems/selenium-webdriver-2.15.0/lib/selenium/webdriver/remote/http/default.rb:64:in `request'
/opt/local/lib/ruby/gems/1.8/gems/selenium-webdriver-2.15.0/lib/selenium/webdriver/remote/http/common.rb:39:in `call'
/opt/local/lib/ruby/gems/1.8/gems/selenium-webdriver-2.15.0/lib/selenium/webdriver/remote/bridge.rb:450:in `raw_execute'
/opt/local/lib/ruby/gems/1.8/gems/selenium-webdriver-2.15.0/lib/selenium/webdriver/remote/bridge.rb:428:in `execute'
/opt/local/lib/ruby/gems/1.8/gems/selenium-webdriver-2.15.0/lib/selenium/webdriver/remote/bridge.rb:185:in `quit'
/opt/local/lib/ruby/gems/1.8/gems/selenium-webdriver-2.15.0/lib/selenium/webdriver/common/driver.rb:164:in `quit'
regression.rb:77:in `shutdown'
/opt/local/lib/ruby/gems/1.8/gems/test-unit-2.0.9/lib/test/unit/testsuite.rb:93:in `run_shutdown'
/opt/local/lib/ruby/gems/1.8/gems/test-unit-2.0.9/lib/test/unit/testsuite.rb:40:in `run'
/opt/local/lib/ruby/gems/1.8/gems/test-unit-2.0.9/lib/test/unit/testsuite.rb:38:in `run'
/opt/local/lib/ruby/gems/1.8/gems/test-unit-2.0.9/lib/test/unit/testsuite.rb:37:in `each'
/opt/local/lib/ruby/gems/1.8/gems/test-unit-2.0.9/lib/test/unit/testsuite.rb:37:in `run'
/opt/local/lib/ruby/gems/1.8/gems/test-unit-2.0.9/lib/test/unit/ui/testrunnermediator.rb:48:in `run_suite'
/opt/local/lib/ruby/gems/1.8/gems/test-unit-2.0.9/lib/test/unit/ui/console/testrunner.rb:82:in `start_mediator'
/opt/local/lib/ruby/gems/1.8/gems/test-unit-2.0.9/lib/test/unit/ui/console/testrunner.rb:52:in `start'
/opt/local/lib/ruby/gems/1.8/gems/test-unit-2.0.9/lib/test/unit/ui/testrunnerutilities.rb:24:in `run'
/opt/local/lib/ruby/gems/1.8/gems/test-unit-2.0.9/lib/test/unit/autorunner.rb:304:in `run'
/opt/local/lib/ruby/gems/1.8/gems/test-unit-2.0.9/lib/test/unit/autorunner.rb:52:in `run'
/opt/local/lib/ruby/gems/1.8/gems/test-unit-2.0.9/lib/test/unit.rb:321
regression.rb:74    </failure>
  </testcase>
  <system-out>
sleeping for 5 now
  </system-out>
  <system-err>
  </system-err>
</testsuite>
